<?xml version="1.0" encoding="UTF-8"?>
<!-- Generated by org.testng.reporters.JUnitReportReporter -->
<testsuite hostname="LAPTOP-781TPV9S" failures="0" tests="1" name="Test.ZerodhaForgotPageTest" time="4.338" errors="0" timestamp="2022-10-04T22:43:07 IST" skipped="0">
  <testcase classname="Test.ZerodhaForgotPageTest" name="validateZerodhaForgotpage" time="4.338"/>
  <system-out/>
</testsuite> <!-- Test.ZerodhaForgotPageTest -->
